#
# There is insufficient memory for the Java Runtime Environment to continue.
# Native memory allocation (mmap) failed to map 8589934592 bytes. Error detail: committing reserved memory.
# Possible reasons:
#   The system is out of physical RAM or swap space
#   This process is running with CompressedOops enabled, and the Java Heap may be blocking the growth of the native heap
# Possible solutions:
#   Reduce memory load on the system
#   Increase physical memory or swap space
#   Check if swap backing store is full
#   Decrease Java heap size (-Xmx/-Xms)
#   Decrease number of Java threads
#   Decrease Java thread stack sizes (-Xss)
#   Set larger code cache with -XX:ReservedCodeCacheSize=
#   JVM is running with Zero Based Compressed Oops mode in which the Java heap is
#     placed in the first 32GB address space. The Java Heap base address is the
#     maximum limit for the native heap growth. Please use -XX:HeapBaseMinAddress
#     to set the Java Heap base and to place the Java Heap above 32GB virtual address.
# This output file may be truncated or incomplete.
#
#  Out of Memory Error (os_linux.cpp:2829), pid=908091, tid=908092
#
# JRE version:  (21.0.9+10) (build )
# Java VM: OpenJDK 64-Bit Server VM (21.0.9+10-Ubuntu-124.04, mixed mode, sharing, tiered, compressed oops, compressed class ptrs, g1 gc, linux-amd64)
# Core dump will be written. Default location: Core dumps may be processed with "/usr/share/apport/apport -p%p -s%s -c%c -d%d -P%P -u%u -g%g -F%F -- %E" (or dumping to /root/opt/minecraft/core.908091)
#

---------------  S U M M A R Y ------------

Command Line: -Xmx8G -Xms8G server-launch.jar nogui

Host: QEMU Virtual CPU version 8.2.0, 2 cores, 7G, Ubuntu 24.04.3 LTS
Time: Sun Jan 25 17:21:03 2026 UTC elapsed time: 0.014187 seconds (0d 0h 0m 0s)

---------------  T H R E A D  ---------------

Current thread (0x000076e7740195c0):  JavaThread "Unknown thread" [_thread_in_vm, id=908092, stack(0x000076e77bd00000,0x000076e77be00000) (1024K)]

Stack: [0x000076e77bd00000,0x000076e77be00000],  sp=0x000076e77bdfe500,  free space=1017k
Native frames: (J=compiled Java code, j=interpreted, Vv=VM code, C=native code)
V  [libjvm.so+0x101acdb]  VMError::report_and_die(int, char const*, char const*, __va_list_tag*, Thread*, unsigned char*, void*, void*, char const*, int, unsigned long)+0x27b  (os_linux.cpp:2829)
V  [libjvm.so+0x101b741]
V  [libjvm.so+0x6b3901]
V  [libjvm.so+0xd0227d]  os::pd_commit_memory_or_exit(char*, unsigned long, unsigned long, bool, char const*)+0xdd
V  [libjvm.so+0xcfba9f]  os::commit_memory_or_exit(char*, unsigned long, unsigned long, bool, char const*)+0x1f
V  [libjvm.so+0x814dbb]  G1PageBasedVirtualSpace::commit(unsigned long, unsigned long)+0x5b
V  [libjvm.so+0x82b43b]  G1RegionsLargerThanCommitSizeMapper::commit_regions(unsigned int, unsigned long, WorkerThreads*)+0xab
V  [libjvm.so+0x8bc16a]  HeapRegionManager::commit_regions(unsigned int, unsigned long, WorkerThreads*)+0x5a
V  [libjvm.so+0x8bde0f]  HeapRegionManager::expand(unsigned int, unsigned int, WorkerThreads*)+0x2f
V  [libjvm.so+0x8be025]  HeapRegionManager::expand_by(unsigned int, WorkerThreads*)+0x75
V  [libjvm.so+0x7ca53c]  G1CollectedHeap::expand(unsigned long, WorkerThreads*, double*)+0xfc
V  [libjvm.so+0x7caad3]  G1CollectedHeap::initialize()+0x543
V  [libjvm.so+0xfbd6a9]  universe_init()+0xd9
V  [libjvm.so+0x8dc2da]  init_globals()+0x3a
V  [libjvm.so+0xf9c668]  Threads::create_vm(JavaVMInitArgs*, bool*)+0x278
V  [libjvm.so+0x9b6863]  JNI_CreateJavaVM+0x53
C  [libjli.so+0x4673]  JavaMain+0x93
C  [libjli.so+0x846d]  ThreadJavaMain+0xd
C  [libc.so.6+0x9caa4]

---------------  P R O C E S S  ---------------

Threads class SMR info:
_java_thread_list=0x000076e77d74e120, length=0, elements={
}

Java Threads: ( => current thread )
Total: 0

Other Threads:
  0x000076e774042c60 WorkerThread "GC Thread#0"                     [id=908093, stack(0x000076e77b828000,0x000076e77b928000) (1024K)]
  0x000076e774054230 ConcurrentGCThread "G1 Main Marker"            [id=908094, stack(0x000076e779700000,0x000076e779800000) (1024K)]
  0x000076e7740551e0 WorkerThread "G1 Conc#0"                       [id=908095, stack(0x000076e7795ff000,0x000076e7796ff000) (1024K)]

[error occurred during error reporting (printing all threads), id 0xb, SIGSEGV (0xb) at pc=0x000076e77c9e5904]
VM state: not at safepoint (not fully initialized)

VM Mutex/Monitor currently owned by a thread:  ([mutex/lock_event])
[0x000076e77d727d98] Heap_lock - owner thread: 0x000076e7740195c0

Heap address: 0x0000000600000000, size: 8192 MB, Compressed Oops mode: Zero based, Oop shift amount: 3

CDS archive(s) mapped at: [0x0000000000000000-0x0000000000000000-0x0000000000000000), size 0, SharedBaseAddress: 0x0000000800000000, ArchiveRelocationMode: 1.
Narrow klass base: 0x0000000000000000, Narrow klass shift: 0, Narrow klass range: 0x0

GC Precious Log:
 CardTable entry size: 512
 Card Set container configuration: InlinePtr #cards 4 size 8 Array Of Cards #cards 32 size 80 Howl #buckets 8 coarsen threshold 7372 Howl Bitmap #cards 1024 size 144 coarsen threshold 921 Card regions per heap region 1 cards per card region 8192

Heap:
 garbage-first heap   total 0K, used 0K [0x0000000600000000, 0x0000000800000000)
  region size 4096K, 0 young (0K), 0 survivors (0K)

[error occurred during error reporting (printing heap information), id 0xb, SIGSEGV (0xb) at pc=0x000076e77cfae80e]
GC Heap History (0 events):
No events

Dll operation events (1 events):
Event: 0.002 Loaded shared library /usr/lib/jvm/java-21-openjdk-amd64/lib/libjava.so

Deoptimization events (0 events):
No events

Classes loaded (0 events):
No events

Classes unloaded (0 events):
No events

Classes redefined (0 events):
No events

Internal exceptions (0 events):
No events

ZGC Phase Switch (0 events):
No events

VM Operations (0 events):
No events

Memory protections (1 events):
Event: 0.002 Protecting memory [0x000076e77bd00000,0x000076e77bd04000] with protection modes 0

Nmethod flushes (0 events):
No events

Events (0 events):
No events


Dynamic libraries:
5d6f485f9000-5d6f485fa000 r--p 00000000 08:01 263335                     /usr/lib/jvm/java-21-openjdk-amd64/bin/java
5d6f485fa000-5d6f485fb000 r-xp 00001000 08:01 263335                     /usr/lib/jvm/java-21-openjdk-amd64/bin/java
5d6f485fb000-5d6f485fc000 r--p 00002000 08:01 263335                     /usr/lib/jvm/java-21-openjdk-amd64/bin/java
5d6f485fc000-5d6f485fd000 r--p 00002000 08:01 263335                     /usr/lib/jvm/java-21-openjdk-amd64/bin/java
5d6f485fd000-5d6f485fe000 rw-p 00003000 08:01 263335                     /usr/lib/jvm/java-21-openjdk-amd64/bin/java
5d6f4fcde000-5d6f4fd25000 rw-p 00000000 00:00 0                          [heap]
76e746000000-76e748021000 rw-p 00000000 00:00 0 
76e748021000-76e74c000000 ---p 00000000 00:00 0 
76e74c000000-76e74c021000 rw-p 00000000 00:00 0 
76e74c021000-76e750000000 ---p 00000000 00:00 0 
76e750000000-76e750021000 rw-p 00000000 00:00 0 
76e750021000-76e754000000 ---p 00000000 00:00 0 
76e754800000-76e75c800000 ---p 00000000 00:00 0 
76e75c800000-76e75ca70000 rwxp 00000000 00:00 0 
76e75ca70000-76e763d38000 ---p 00000000 00:00 0 
76e763d38000-76e763fa8000 rwxp 00000000 00:00 0 
76e763fa8000-76e7642c7000 ---p 00000000 00:00 0 
76e7642c7000-76e764537000 rwxp 00000000 00:00 0 
76e764537000-76e76b800000 ---p 00000000 00:00 0 
76e76b800000-76e773e34000 r--s 00000000 08:01 263485                     /usr/lib/jvm/java-21-openjdk-amd64/lib/modules
76e774000000-76e774087000 rw-p 00000000 00:00 0 
76e774087000-76e778000000 ---p 00000000 00:00 0 
76e778f96000-76e7795fe000 rw-p 00000000 00:00 0 
76e7795fe000-76e7795ff000 ---p 00000000 00:00 0 
76e7795ff000-76e7796ff000 rw-p 00000000 00:00 0 
76e7796ff000-76e779700000 ---p 00000000 00:00 0 
76e779700000-76e779800000 rw-p 00000000 00:00 0 
76e779800000-76e77b800000 ---p 00000000 00:00 0 
76e77b827000-76e77b828000 ---p 00000000 00:00 0 
76e77b828000-76e77b928000 rw-p 00000000 00:00 0 
76e77b928000-76e77bb2f000 rw-p 00000000 00:00 0 
76e77bb2f000-76e77bc15000 ---p 00000000 00:00 0 
76e77bc15000-76e77bc1a000 rw-p 00000000 00:00 0 
76e77bc1a000-76e77bd00000 ---p 00000000 00:00 0 
76e77bd00000-76e77bd04000 ---p 00000000 00:00 0 
76e77bd04000-76e77be00000 rw-p 00000000 00:00 0 
76e77be00000-76e77be9d000 r--p 00000000 08:01 5173                       /usr/lib/x86_64-linux-gnu/libstdc++.so.6.0.33
76e77be9d000-76e77bfe5000 r-xp 0009d000 08:01 5173                       /usr/lib/x86_64-linux-gnu/libstdc++.so.6.0.33
76e77bfe5000-76e77c06c000 r--p 001e5000 08:01 5173                       /usr/lib/x86_64-linux-gnu/libstdc++.so.6.0.33
76e77c06c000-76e77c077000 r--p 0026b000 08:01 5173                       /usr/lib/x86_64-linux-gnu/libstdc++.so.6.0.33
76e77c077000-76e77c07a000 rw-p 00276000 08:01 5173                       /usr/lib/x86_64-linux-gnu/libstdc++.so.6.0.33
76e77c07a000-76e77c07e000 rw-p 00000000 00:00 0 
76e77c0d6000-76e77c117000 rw-p 00000000 00:00 0 
76e77c117000-76e77c127000 r--p 00000000 08:01 6424                       /usr/lib/x86_64-linux-gnu/libm.so.6
76e77c127000-76e77c1a6000 r-xp 00010000 08:01 6424                       /usr/lib/x86_64-linux-gnu/libm.so.6
76e77c1a6000-76e77c1fe000 r--p 0008f000 08:01 6424                       /usr/lib/x86_64-linux-gnu/libm.so.6
76e77c1fe000-76e77c1ff000 r--p 000e7000 08:01 6424                       /usr/lib/x86_64-linux-gnu/libm.so.6
76e77c1ff000-76e77c200000 rw-p 000e8000 08:01 6424                       /usr/lib/x86_64-linux-gnu/libm.so.6
76e77c200000-76e77c4a2000 r--p 00000000 08:01 263491                     /usr/lib/jvm/java-21-openjdk-amd64/lib/server/libjvm.so
76e77c4a2000-76e77d318000 r-xp 002a2000 08:01 263491                     /usr/lib/jvm/java-21-openjdk-amd64/lib/server/libjvm.so
76e77d318000-76e77d5f2000 r--p 01118000 08:01 263491                     /usr/lib/jvm/java-21-openjdk-amd64/lib/server/libjvm.so
76e77d5f2000-76e77d6c6000 r--p 013f2000 08:01 263491                     /usr/lib/jvm/java-21-openjdk-amd64/lib/server/libjvm.so
76e77d6c6000-76e77d6f6000 rw-p 014c6000 08:01 263491                     /usr/lib/jvm/java-21-openjdk-amd64/lib/server/libjvm.so
76e77d6f6000-76e77d75c000 rw-p 00000000 00:00 0 
76e77d77a000-76e77d800000 rw-p 00000000 00:00 0 
76e77d800000-76e77d828000 r--p 00000000 08:01 6421                       /usr/lib/x86_64-linux-gnu/libc.so.6
76e77d828000-76e77d9b0000 r-xp 00028000 08:01 6421                       /usr/lib/x86_64-linux-gnu/libc.so.6
76e77d9b0000-76e77d9ff000 r--p 001b0000 08:01 6421                       /usr/lib/x86_64-linux-gnu/libc.so.6
76e77d9ff000-76e77da03000 r--p 001fe000 08:01 6421                       /usr/lib/x86_64-linux-gnu/libc.so.6
76e77da03000-76e77da05000 rw-p 00202000 08:01 6421                       /usr/lib/x86_64-linux-gnu/libc.so.6
76e77da05000-76e77da12000 rw-p 00000000 00:00 0 
76e77da37000-76e77da3c000 rw-p 00000000 00:00 0 
76e77da3c000-76e77da43000 ---p 00000000 00:00 0 
76e77da43000-76e77da50000 r--p 00000000 08:01 263462                     /usr/lib/jvm/java-21-openjdk-amd64/lib/libjava.so
76e77da50000-76e77da5f000 r-xp 0000d000 08:01 263462                     /usr/lib/jvm/java-21-openjdk-amd64/lib/libjava.so
76e77da5f000-76e77da64000 r--p 0001c000 08:01 263462                     /usr/lib/jvm/java-21-openjdk-amd64/lib/libjava.so
76e77da64000-76e77da65000 r--p 00021000 08:01 263462                     /usr/lib/jvm/java-21-openjdk-amd64/lib/libjava.so
76e77da65000-76e77da66000 rw-p 00022000 08:01 263462                     /usr/lib/jvm/java-21-openjdk-amd64/lib/libjava.so
76e77da66000-76e77da67000 rw-p 00000000 00:00 0 
76e77da67000-76e77da6f000 rw-s 00000000 08:01 526698                     /tmp/hsperfdata_root/908091
76e77da6f000-76e77da71000 r--p 00000000 08:01 263465                     /usr/lib/jvm/java-21-openjdk-amd64/lib/libjimage.so
76e77da71000-76e77da74000 r-xp 00002000 08:01 263465                     /usr/lib/jvm/java-21-openjdk-amd64/lib/libjimage.so
76e77da74000-76e77da75000 r--p 00005000 08:01 263465                     /usr/lib/jvm/java-21-openjdk-amd64/lib/libjimage.so
76e77da75000-76e77da76000 r--p 00006000 08:01 263465                     /usr/lib/jvm/java-21-openjdk-amd64/lib/libjimage.so
76e77da76000-76e77da77000 rw-p 00007000 08:01 263465                     /usr/lib/jvm/java-21-openjdk-amd64/lib/libjimage.so
76e77da77000-76e77da7b000 r--p 00000000 08:01 6408                       /usr/lib/x86_64-linux-gnu/libgcc_s.so.1
76e77da7b000-76e77da9f000 r-xp 00004000 08:01 6408                       /usr/lib/x86_64-linux-gnu/libgcc_s.so.1
76e77da9f000-76e77daa3000 r--p 00028000 08:01 6408                       /usr/lib/x86_64-linux-gnu/libgcc_s.so.1
76e77daa3000-76e77daa4000 r--p 0002b000 08:01 6408                       /usr/lib/x86_64-linux-gnu/libgcc_s.so.1
76e77daa4000-76e77daa5000 rw-p 0002c000 08:01 6408                       /usr/lib/x86_64-linux-gnu/libgcc_s.so.1
76e77daa5000-76e77daa7000 rw-p 00000000 00:00 0 
76e77daa7000-76e77daa9000 r--p 00000000 08:01 263466                     /usr/lib/jvm/java-21-openjdk-amd64/lib/libjli.so
76e77daa9000-76e77dab3000 r-xp 00002000 08:01 263466                     /usr/lib/jvm/java-21-openjdk-amd64/lib/libjli.so
76e77dab3000-76e77dab6000 r--p 0000c000 08:01 263466                     /usr/lib/jvm/java-21-openjdk-amd64/lib/libjli.so
76e77dab6000-76e77dab7000 r--p 0000f000 08:01 263466                     /usr/lib/jvm/java-21-openjdk-amd64/lib/libjli.so
76e77dab7000-76e77dab8000 rw-p 00010000 08:01 263466                     /usr/lib/jvm/java-21-openjdk-amd64/lib/libjli.so
76e77dab8000-76e77daba000 r--p 00000000 08:01 5154                       /usr/lib/x86_64-linux-gnu/libz.so.1.3
76e77daba000-76e77dacc000 r-xp 00002000 08:01 5154                       /usr/lib/x86_64-linux-gnu/libz.so.1.3
76e77dacc000-76e77dad2000 r--p 00014000 08:01 5154                       /usr/lib/x86_64-linux-gnu/libz.so.1.3
76e77dad2000-76e77dad3000 r--p 0001a000 08:01 5154                       /usr/lib/x86_64-linux-gnu/libz.so.1.3
76e77dad3000-76e77dad4000 rw-p 0001b000 08:01 5154                       /usr/lib/x86_64-linux-gnu/libz.so.1.3
76e77dad7000-76e77dad8000 ---p 00000000 00:00 0 
76e77dad8000-76e77dad9000 r--p 00000000 00:00 0 
76e77dad9000-76e77dada000 ---p 00000000 00:00 0 
76e77dada000-76e77dadc000 rw-p 00000000 00:00 0 
76e77dadc000-76e77dadd000 r--p 00000000 08:01 6418                       /usr/lib/x86_64-linux-gnu/ld-linux-x86-64.so.2
76e77dadd000-76e77db08000 r-xp 00001000 08:01 6418                       /usr/lib/x86_64-linux-gnu/ld-linux-x86-64.so.2
76e77db08000-76e77db12000 r--p 0002c000 08:01 6418                       /usr/lib/x86_64-linux-gnu/ld-linux-x86-64.so.2
76e77db12000-76e77db14000 r--p 00036000 08:01 6418                       /usr/lib/x86_64-linux-gnu/ld-linux-x86-64.so.2
76e77db14000-76e77db16000 rw-p 00038000 08:01 6418                       /usr/lib/x86_64-linux-gnu/ld-linux-x86-64.so.2
7ffd120ea000-7ffd1210b000 rw-p 00000000 00:00 0                          [stack]
7ffd12174000-7ffd12178000 r--p 00000000 00:00 0                          [vvar]
7ffd12178000-7ffd1217a000 r-xp 00000000 00:00 0                          [vdso]
ffffffffff600000-ffffffffff601000 --xp 00000000 00:00 0                  [vsyscall]
Total number of mappings: 104

JVMTI agents: none


VM Arguments:
jvm_args: -Xmx8G -Xms8G 
java_command: server-launch.jar nogui
java_class_path (initial): server-launch.jar
Launcher Type: SUN_STANDARD

[Global flags]
     intx CICompilerCount                          = 2                                         {product} {ergonomic}
     uint ConcGCThreads                            = 1                                         {product} {ergonomic}
     uint G1ConcRefinementThreads                  = 2                                         {product} {ergonomic}
   size_t G1HeapRegionSize                         = 4194304                                   {product} {ergonomic}
    uintx GCDrainStackTargetSize                   = 64                                        {product} {ergonomic}
   size_t InitialHeapSize                          = 8589934592                                {product} {command line}
   size_t MarkStackSize                            = 4194304                                   {product} {ergonomic}
   size_t MaxHeapSize                              = 8589934592                                {product} {command line}
   size_t MinHeapDeltaBytes                        = 4194304                                   {product} {ergonomic}
   size_t MinHeapSize                              = 8589934592                                {product} {command line}
    uintx NonNMethodCodeHeapSize                   = 5826188                                {pd product} {ergonomic}
    uintx NonProfiledCodeHeapSize                  = 122916026                              {pd product} {ergonomic}
    uintx ProfiledCodeHeapSize                     = 122916026                              {pd product} {ergonomic}
    uintx ReservedCodeCacheSize                    = 251658240                              {pd product} {ergonomic}
     bool SegmentedCodeCache                       = true                                      {product} {ergonomic}
   size_t SoftMaxHeapSize                          = 8589934592                             {manageable} {ergonomic}
     bool UseCompressedOops                        = true                           {product lp64_product} {ergonomic}
     bool UseG1GC                                  = true                                      {product} {ergonomic}

Logging:
Log output configuration:
 #0: stdout all=warning uptime,level,tags foldmultilines=false
 #1: stderr all=off uptime,level,tags foldmultilines=false

Release file:
<release file has not been read>
Environment Variables:
PATH=/usr/local/sbin:/usr/local/bin:/usr/sbin:/usr/bin:/sbin:/bin:/usr/games:/usr/local/games:/snap/bin
SHELL=/bin/bash
LANG=C.UTF-8
TERM=tmux-256color

Active Locale:
LC_ALL=C
LC_COLLATE=C
LC_CTYPE=C
LC_MESSAGES=C
LC_MONETARY=C
LC_NUMERIC=C
LC_TIME=C

Signal Handlers:
   SIGSEGV: crash_handler in libjvm.so, mask=11100100010111111101111111111110, flags=SA_RESTART|SA_SIGINFO, unblocked
    SIGBUS: crash_handler in libjvm.so, mask=11100100010111111101111111111110, flags=SA_RESTART|SA_SIGINFO, unblocked
    SIGFPE: crash_handler in libjvm.so, mask=11100100010111111101111111111110, flags=SA_RESTART|SA_SIGINFO, unblocked
   SIGPIPE: javaSignalHandler in libjvm.so, mask=11100100010111111101111111111110, flags=SA_RESTART|SA_SIGINFO, blocked
   SIGXFSZ: javaSignalHandler in libjvm.so, mask=11100100010111111101111111111110, flags=SA_RESTART|SA_SIGINFO, blocked
    SIGILL: crash_handler in libjvm.so, mask=11100100010111111101111111111110, flags=SA_RESTART|SA_SIGINFO, unblocked
   SIGUSR2: SR_handler in libjvm.so, mask=00000000000000000000000000000000, flags=SA_RESTART|SA_SIGINFO, blocked
    SIGHUP: SIG_DFL, mask=00000000000000000000000000000000, flags=none, blocked
    SIGINT: SIG_DFL, mask=00000000000000000000000000000000, flags=none, blocked
   SIGTERM: SIG_DFL, mask=00000000000000000000000000000000, flags=none, blocked
   SIGQUIT: UserHandler in libjvm.so, mask=11100100010111111101111111111110, flags=SA_RESTART|SA_SIGINFO, blocked
   SIGTRAP: crash_handler in libjvm.so, mask=11100100010111111101111111111110, flags=SA_RESTART|SA_SIGINFO, unblocked


Periodic native trim disabled

---------------  S Y S T E M  ---------------

OS:
DISTRIB_ID=Ubuntu
DISTRIB_RELEASE=24.04
DISTRIB_CODENAME=noble
DISTRIB_DESCRIPTION="Ubuntu 24.04.3 LTS"
uname: Linux 6.8.0-90-generic #91-Ubuntu SMP PREEMPT_DYNAMIC Tue Nov 18 14:14:30 UTC 2025 x86_64
OS uptime: 22 days 23:52 hours
libc: glibc 2.39 NPTL 2.39 
rlimit (soft/hard): STACK 8192k/infinity , CORE 0k/infinity , NPROC 31614/31614 , NOFILE 1048576/1048576 , AS infinity/infinity , CPU infinity/infinity , DATA infinity/infinity , FSIZE infinity/infinity , MEMLOCK 1016564k/1016564k
load average: 1.04 1.49 1.10

/proc/meminfo:
MemTotal:        8132520 kB
MemFree:          131744 kB
MemAvailable:    2590128 kB
Buffers:           81544 kB
Cached:          2550476 kB
SwapCached:            0 kB
Active:          6646128 kB
Inactive:        1093092 kB
Active(anon):    5116148 kB
Inactive(anon):      788 kB
Active(file):    1529980 kB
Inactive(file):  1092304 kB
Unevictable:       27448 kB
Mlocked:           27448 kB
SwapTotal:             0 kB
SwapFree:              0 kB
Zswap:                 0 kB
Zswapped:              0 kB
Dirty:               596 kB
Writeback:             0 kB
AnonPages:       5134712 kB
Mapped:           121796 kB
Shmem:               984 kB
KReclaimable:     113872 kB
Slab:             177348 kB
SReclaimable:     113872 kB
SUnreclaim:        63476 kB
KernelStack:        3984 kB
PageTables:        14008 kB
SecPageTables:         0 kB
NFS_Unstable:          0 kB
Bounce:                0 kB
WritebackTmp:          0 kB
CommitLimit:     4066260 kB
Committed_AS:    5509648 kB
VmallocTotal:   34359738367 kB
VmallocUsed:       18224 kB
VmallocChunk:          0 kB
Percpu:             2240 kB
HardwareCorrupted:     0 kB
AnonHugePages:         0 kB
ShmemHugePages:        0 kB
ShmemPmdMapped:        0 kB
FileHugePages:         0 kB
FilePmdMapped:         0 kB
Unaccepted:            0 kB
HugePages_Total:       0
HugePages_Free:        0
HugePages_Rsvd:        0
HugePages_Surp:        0
Hugepagesize:       2048 kB
Hugetlb:               0 kB
DirectMap4k:       92012 kB
DirectMap2M:     4102144 kB
DirectMap1G:     6291456 kB

/sys/kernel/mm/transparent_hugepage/enabled: always [madvise] never
/sys/kernel/mm/transparent_hugepage/hpage_pmd_size: 2097152
/sys/kernel/mm/transparent_hugepage/defrag (defrag/compaction efforts parameter): always defer defer+madvise [madvise] never

Process Memory:
Virtual Size: 886152K (peak: 9270256K)
Resident Set Size: 21632K (peak: 21632K) (anon: 6912K, file: 14720K, shmem: 0K)
Swapped out: 0K
C-Heap outstanding allocations: 9780K, retained: 595K
glibc malloc tunables: (default)

/proc/sys/kernel/threads-max (system-wide limit on the number of threads): 63228
/proc/sys/vm/max_map_count (maximum number of memory map areas a process may have): 1048576
/proc/sys/vm/swappiness (control to define how aggressively the kernel swaps out anonymous memory): 60
/proc/sys/kernel/pid_max (system-wide limit on number of process identifiers): 4194304

container information not found.
KVM virtualization detected
Steal ticks since vm start: 2
Steal ticks percentage since vm start:  0.182

CPU: total 2 (initial active 2) (2 cores per cpu, 1 threads per core) family 23 model 49 stepping 0 microcode 0x1000065, cx8, cmov, fxsr, mmx, 3dnowpref, sse, sse2, sse3, ssse3, sse4a, sse4.1, sse4.2, popcnt, lzcnt, tsc, avx, avx2, aes, clmul, bmi1, bmi2, adx, sha, fma, vzeroupper, clflush, clflushopt, hv, rdtscp, rdpid, f16c
CPU Model and flags from /proc/cpuinfo:
model name	: QEMU Virtual CPU version 8.2.0
flags		: fpu vme de pse tsc msr pae mce cx8 apic sep mtrr pge mca cmov pat pse36 clflush mmx fxsr sse sse2 ht syscall nx mmxext fxsr_opt pdpe1gb rdtscp lm rep_good nopl cpuid extd_apicid tsc_known_freq pni pclmulqdq ssse3 fma cx16 sse4_1 sse4_2 x2apic movbe popcnt aes xsave avx f16c rdrand hypervisor lahf_lm cmp_legacy svm cr8_legacy abm sse4a misalignsse 3dnowprefetch osvw perfctr_core ibpb stibp vmmcall fsgsbase bmi1 avx2 smep bmi2 rdseed adx smap clflushopt clwb sha_ni xsaveopt xsavec xgetbv1 clzero xsaveerptr wbnoinvd arat npt nrip_save umip rdpid

Online cpus: 0-1
Offline cpus: 
BIOS frequency limitation: <Not Available>
Frequency switch latency (ns): <Not Available>
Available cpu frequencies: <Not Available>
Current governor: <Not Available>
Core performance/turbo boost: <Not Available>

Memory: 4k page, physical 8132520k(2590128k free), swap 0k(0k free)
Page Sizes: 4k

vm_info: OpenJDK 64-Bit Server VM (21.0.9+10-Ubuntu-124.04) for linux-amd64 JRE (21.0.9+10-Ubuntu-124.04), built on 2025-10-23T12:36:23Z by "buildd" with gcc 13.3.0

END.
